<?xml version="1.0" encoding="UTF-8"?>
<!-- Generated by org.testng.reporters.JUnitReportReporter -->
<testsuite hostname="NayanBanerjee" name="com.jopari.automation.webdriver.util.WindowHelperTest" tests="1" failures="0" timestamp="18 Nov 2014 09:00:36 GMT" time="0.009" errors="0">
  <testcase name="testIsAlphaNumeric" time="0.009" classname="com.jopari.automation.webdriver.util.WindowHelperTest"/>
</testsuite> <!-- com.jopari.automation.webdriver.util.WindowHelperTest -->
