<?xml version="1.0" encoding="UTF-8"?>
<!-- Generated by org.testng.reporters.JUnitReportReporter -->
<testsuite hostname="NayanBanerjee" name="com.jopari.automation.webdriver.util.WebDriverUtilTest" tests="1" failures="0" timestamp="18 Nov 2014 09:00:36 GMT" time="0.022" errors="0">
  <testcase name="testSort" time="0.022" classname="com.jopari.automation.webdriver.util.WebDriverUtilTest"/>
</testsuite> <!-- com.jopari.automation.webdriver.util.WebDriverUtilTest -->
