<?xml version="1.0" encoding="UTF-8"?>
<!-- Generated by org.testng.reporters.JUnitReportReporter -->
<testsuite hostname="NayanBanerjee" name="com.jopari.automation.util.io.IOUtiltitesTest" tests="4" failures="0" timestamp="18 Nov 2014 09:00:36 GMT" time="0.006" errors="0">
  <testcase name="testReadTextLinesInFile" time="0.001" classname="com.jopari.automation.util.io.IOUtiltitesTest"/>
  <testcase name="testSpecialCharacter" time="0.001" classname="com.jopari.automation.util.io.IOUtiltitesTest"/>
  <testcase name="testCreateDirectory" time="0.002" classname="com.jopari.automation.util.io.IOUtiltitesTest"/>
  <testcase name="testBlankSpace" time="0.002" classname="com.jopari.automation.util.io.IOUtiltitesTest"/>
</testsuite> <!-- com.jopari.automation.util.io.IOUtiltitesTest -->
