<?xml version="1.0" encoding="UTF-8"?>
<!-- Generated by org.testng.reporters.JUnitReportReporter -->
<testsuite hostname="NayanBanerjee" name="com.jopari.automation.util.calendar.CalendarUtilsTest" tests="22" failures="0" timestamp="18 Nov 2014 09:00:36 GMT" time="0.012" errors="0">
  <testcase name="testGetMinutes" time="0.000" classname="com.jopari.automation.util.calendar.CalendarUtilsTest"/>
  <testcase name="testaddMonth" time="0.000" classname="com.jopari.automation.util.calendar.CalendarUtilsTest"/>
  <testcase name="testaddSeconds" time="0.000" classname="com.jopari.automation.util.calendar.CalendarUtilsTest"/>
  <testcase name="testGetDateInNewFormat" time="0.000" classname="com.jopari.automation.util.calendar.CalendarUtilsTest"/>
  <testcase name="testGetHoursOfDay" time="0.000" classname="com.jopari.automation.util.calendar.CalendarUtilsTest"/>
  <testcase name="testaddMinutes" time="0.000" classname="com.jopari.automation.util.calendar.CalendarUtilsTest"/>
  <testcase name="testGetSeconds" time="0.000" classname="com.jopari.automation.util.calendar.CalendarUtilsTest"/>
  <testcase name="testGetDate" time="0.001" classname="com.jopari.automation.util.calendar.CalendarUtilsTest"/>
  <testcase name="testadd" time="0.001" classname="com.jopari.automation.util.calendar.CalendarUtilsTest"/>
  <testcase name="testGetDayOfMonth" time="0.000" classname="com.jopari.automation.util.calendar.CalendarUtilsTest"/>
  <testcase name="testGetDayOfWeek" time="0.000" classname="com.jopari.automation.util.calendar.CalendarUtilsTest"/>
  <testcase name="testaddYear" time="0.000" classname="com.jopari.automation.util.calendar.CalendarUtilsTest"/>
  <testcase name="testaddHour" time="0.000" classname="com.jopari.automation.util.calendar.CalendarUtilsTest"/>
  <testcase name="testGetCurrentTime" time="0.001" classname="com.jopari.automation.util.calendar.CalendarUtilsTest"/>
  <testcase name="testaddDay" time="0.000" classname="com.jopari.automation.util.calendar.CalendarUtilsTest"/>
  <testcase name="testFormatDate" time="0.006" classname="com.jopari.automation.util.calendar.CalendarUtilsTest"/>
  <testcase name="testGetYearNum" time="0.000" classname="com.jopari.automation.util.calendar.CalendarUtilsTest"/>
  <testcase name="testGetMonthName" time="0.001" classname="com.jopari.automation.util.calendar.CalendarUtilsTest"/>
  <testcase name="testGetDayNumOfMonth" time="0.000" classname="com.jopari.automation.util.calendar.CalendarUtilsTest"/>
  <testcase name="testGetDateFromFormat" time="0.002" classname="com.jopari.automation.util.calendar.CalendarUtilsTest"/>
  <testcase name="testGetMonthNum" time="0.000" classname="com.jopari.automation.util.calendar.CalendarUtilsTest"/>
  <testcase name="testGetCurrentTimeInKnownFormat" time="0.000" classname="com.jopari.automation.util.calendar.CalendarUtilsTest"/>
</testsuite> <!-- com.jopari.automation.util.calendar.CalendarUtilsTest -->
